<?xml version="1.0" encoding="UTF-8"?>
<!-- Generated by org.testng.reporters.JUnitReportReporter -->
<testsuite hostname="DESKTOP-TK2O5BT" failures="0" tests="3" name="test.testLogin" time="18.104" errors="0" timestamp="2020-05-14T19:46:31 CEST" skipped="0">
  <testcase classname="test.testLogin" name="test2" time="10.843"/>
  <system-out/>
  <testcase classname="test.testLogin" name="test3NoMail" time="3.564"/>
  <system-out/>
  <testcase classname="test.testLogin" name="test4NoPassword" time="3.697"/>
  <system-out/>
</testsuite> <!-- test.testLogin -->
