<?xml version="1.0" encoding="UTF-8"?>
<!-- Generated by org.testng.reporters.JUnitReportReporter -->
<testsuite hostname="DESKTOP-TK2O5BT" failures="0" tests="14" name="test.HomePageTests" time="34.358" errors="0" timestamp="2020-07-29T10:28:24 CEST" skipped="4">
  <testcase classname="test.HomePageTests" name="tc10downFilter" time="4.945"/>
  <system-out/>
  <testcase classname="test.HomePageTests" name="tc08upFilter" time="2.331"/>
  <system-out/>
  <testcase classname="test.HomePageTests" name="tc15logoutLicenseLink" time="3.300"/>
  <system-out/>
  <testcase classname="test.HomePageTests" name="tc06logoutSubmitAphotoButton" time="3.577"/>
  <system-out/>
  <testcase classname="test.HomePageTests" name="tc06logoutSubmitAphotoButton" time="3.350"/>
  <system-out/>
  <testcase classname="test.HomePageTests" name="tc15logoutLicenseLink" time="3.401"/>
  <system-out/>
  <testcase classname="test.HomePageTests" name="tc02logoutJoinFreeLink" time="3.262"/>
  <system-out/>
  <testcase classname="test.HomePageTests" name="tc08upFilter" time="2.194"/>
  <system-out/>
  <testcase classname="test.HomePageTests" name="tc02logoutJoinFreeLink" time="3.624"/>
  <system-out/>
  <testcase classname="test.HomePageTests" name="tc10downFilter" time="4.374"/>
  <system-out/>
  <testcase classname="test.HomePageTests" name="tc16loginSubmitAphotoButtonUpload">
    <skipped/>
  </testcase> <!-- tc16loginSubmitAphotoButtonUpload -->
  <system-out/>
  <testcase classname="test.HomePageTests" name="tc16loginSubmitAphotoButtonUpload">
    <skipped/>
  </testcase> <!-- tc16loginSubmitAphotoButtonUpload -->
  <system-out/>
  <testcase classname="test.HomePageTests" name="tc17loginSubmitAphotoButtonUploadUnder5mp">
    <skipped/>
  </testcase> <!-- tc17loginSubmitAphotoButtonUploadUnder5mp -->
  <system-out/>
  <testcase classname="test.HomePageTests" name="tc17loginSubmitAphotoButtonUploadUnder5mp">
    <skipped/>
  </testcase> <!-- tc17loginSubmitAphotoButtonUploadUnder5mp -->
  <system-out/>
</testsuite> <!-- test.HomePageTests -->
