<?xml version="1.0" encoding="UTF-8"?>
<!-- Generated by org.testng.reporters.JUnitReportReporter -->
<testsuite hostname="DESKTOP-TK2O5BT" failures="0" tests="7" name="test.MyProfileTests" time="15.788" errors="0" timestamp="2020-07-20T18:40:13 CEST" skipped="0">
  <testcase classname="test.MyProfileTests" name="tc07stats30Days" time="0.208"/>
  <system-out/>
  <testcase classname="test.MyProfileTests" name="tc02editProfileButton" time="2.971"/>
  <system-out/>
  <testcase classname="test.MyProfileTests" name="tc06statsAllTime" time="0.897"/>
  <system-out/>
  <testcase classname="test.MyProfileTests" name="tc03photos" time="0.079"/>
  <system-out/>
  <testcase classname="test.MyProfileTests" name="tc05collections" time="0.249"/>
  <system-out/>
  <testcase classname="test.MyProfileTests" name="tc04likes" time="0.276"/>
  <system-out/>
  <testcase classname="test.MyProfileTests" name="tc01profilePhoto" time="11.108"/>
  <system-out/>
</testsuite> <!-- test.MyProfileTests -->
