<?xml version="1.0" encoding="UTF-8"?>
<!-- Generated by org.testng.reporters.JUnitReportReporter -->
<testsuite hostname="DESKTOP-TK2O5BT" failures="0" tests="11" name="test.EditProfileTests" time="45.213" errors="0" timestamp="2020-07-20T18:48:00 CEST" skipped="0">
  <testcase classname="test.EditProfileTests" name="tc09editLastName" time="1.697"/>
  <system-out/>
  <testcase classname="test.EditProfileTests" name="tc10editLocation" time="2.267"/>
  <system-out/>
  <testcase classname="test.EditProfileTests" name="tc11editBio" time="2.172"/>
  <system-out/>
  <testcase classname="test.EditProfileTests" name="tc06changeProfileImage" time="12.152"/>
  <system-out/>
  <testcase classname="test.EditProfileTests" name="tc03connectAccountsLink" time="2.999"/>
  <system-out/>
  <testcase classname="test.EditProfileTests" name="tc05closeAccountLink" time="2.013"/>
  <system-out/>
  <testcase classname="test.EditProfileTests" name="tc04applicationsLink" time="1.023"/>
  <system-out/>
  <testcase classname="test.EditProfileTests" name="tc01emailSettingsLink" time="15.466"/>
  <system-out/>
  <testcase classname="test.EditProfileTests" name="tc07editFirstName" time="2.470"/>
  <system-out/>
  <testcase classname="test.EditProfileTests" name="tc02changePasswordLink" time="1.021"/>
  <system-out/>
  <testcase classname="test.EditProfileTests" name="tc08editFirstNameBlank" time="1.933"/>
  <system-out/>
</testsuite> <!-- test.EditProfileTests -->
