<?xml version="1.0" encoding="UTF-8"?>
<!-- Generated by org.testng.reporters.JUnitReportReporter -->
<testsuite hostname="DESKTOP-TK2O5BT" failures="0" tests="26" name="test.HomePageTests" time="11.010" errors="0" timestamp="2020-05-30T10:55:26 CEST" skipped="0">
  <testcase classname="test.HomePageTests" name="tc25loginNotifications" time="0.057"/>
  <system-out/>
  <testcase classname="test.HomePageTests" name="tc04logoutTopicsLink" time="0.094"/>
  <system-out/>
  <testcase classname="test.HomePageTests" name="tc01logoutLoginLink" time="0.298"/>
  <system-out/>
  <testcase classname="test.HomePageTests" name="tc22logoutDownFilter" time="0.073"/>
  <system-out/>
  <testcase classname="test.HomePageTests" name="tc21logoutFreelyUsableImagesLink" time="0.226"/>
  <system-out/>
  <testcase classname="test.HomePageTests" name="tc14logoutTexturesAndPatternsLink" time="0.117"/>
  <system-out/>
  <testcase classname="test.HomePageTests" name="tc19logoutInteriorsLink" time="0.192"/>
  <system-out/>
  <testcase classname="test.HomePageTests" name="tc11logoutCovid19Link" time="0.117"/>
  <system-out/>
  <testcase classname="test.HomePageTests" name="tc12logoutNatureLink" time="0.107"/>
  <system-out/>
  <testcase classname="test.HomePageTests" name="tc07logoutSubmitAphotoButton" time="0.086"/>
  <system-out/>
  <testcase classname="test.HomePageTests" name="tc23pagination" time="0.097"/>
  <system-out/>
  <testcase classname="test.HomePageTests" name="tc27loginFollowingLink" time="0.081"/>
  <system-out/>
  <testcase classname="test.HomePageTests" name="tc13logoutWallpapersLink" time="0.111"/>
  <system-out/>
  <testcase classname="test.HomePageTests" name="tc16logoutBusinessAndWorkLink" time="0.155"/>
  <system-out/>
  <testcase classname="test.HomePageTests" name="tc18logoutAnimalsLink" time="0.204"/>
  <system-out/>
  <testcase classname="test.HomePageTests" name="tc17logoutTechnologyLink" time="0.174"/>
  <system-out/>
  <testcase classname="test.HomePageTests" name="tc05logoutExploreLink" time="0.112"/>
  <system-out/>
  <testcase classname="test.HomePageTests" name="tc03logoutUpFilter" time="0.068"/>
  <system-out/>
  <testcase classname="test.HomePageTests" name="tc02logoutJoinFreeLink" time="0.126"/>
  <system-out/>
  <testcase classname="test.HomePageTests" name="tc15logoutPeopleLink" time="0.119"/>
  <system-out/>
  <testcase classname="test.HomePageTests" name="tc20logoutViewAllLink" time="0.262"/>
  <system-out/>
  <testcase classname="test.HomePageTests" name="tc26loginProfileIconButton" time="0.065"/>
  <system-out/>
  <testcase classname="test.HomePageTests" name="tc24loginHomeLink" time="7.811"/>
  <system-out/>
  <testcase classname="test.HomePageTests" name="tc08logoutEditorialLink" time="0.101"/>
  <system-out/>
  <testcase classname="test.HomePageTests" name="tc06logoutDropDownMenu" time="0.069"/>
  <system-out/>
  <testcase classname="test.HomePageTests" name="tc09logoutTravelLink" time="0.088"/>
  <system-out/>
</testsuite> <!-- test.HomePageTests -->
