<?xml version="1.0" encoding="UTF-8"?>
<!-- Generated by org.testng.reporters.JUnitReportReporter -->
<testsuite hostname="DESKTOP-TK2O5BT" failures="0" tests="8" name="test.LoginTests" time="63.733" errors="0" timestamp="2020-07-21T18:29:04 CEST" skipped="0">
  <testcase classname="test.LoginTests" name="tc02noCredential" time="6.574"/>
  <system-out/>
  <testcase classname="test.LoginTests" name="tc06wrongPassword" time="6.534"/>
  <system-out/>
  <testcase classname="test.LoginTests" name="tc01loginApp" time="12.128"/>
  <system-out/>
  <testcase classname="test.LoginTests" name="tc03noEmail" time="5.770"/>
  <system-out/>
  <testcase classname="test.LoginTests" name="tc04wrongEmail" time="5.582"/>
  <system-out/>
  <testcase classname="test.LoginTests" name="tc07forgotPasswordLink" time="0.918"/>
  <system-out/>
  <testcase classname="test.LoginTests" name="tc05noPassword" time="6.388"/>
  <system-out/>
  <testcase classname="test.LoginTests" name="tc08joinLink" time="19.839"/>
  <system-out/>
</testsuite> <!-- test.LoginTests -->
