<?xml version="1.0" encoding="UTF-8"?>
<!-- Generated by org.testng.reporters.JUnitReportReporter -->
<testsuite hostname="DESKTOP-TK2O5BT" failures="0" tests="5" name="test.SinglePhotoTests" time="13.536" errors="0" timestamp="2020-06-07T10:23:43 CEST" skipped="0">
  <testcase classname="test.SinglePhotoTests" name="tc02addToCollectionButton" time="1.046"/>
  <system-out/>
  <testcase classname="test.SinglePhotoTests" name="tc05infoButton" time="0.946"/>
  <system-out/>
  <testcase classname="test.SinglePhotoTests" name="tc01LikeButton" time="9.542"/>
  <system-out/>
  <testcase classname="test.SinglePhotoTests" name="tc06photoTitleAndFollowLink" time="1.200"/>
  <system-out/>
  <testcase classname="test.SinglePhotoTests" name="tc04shareButton" time="0.802"/>
  <system-out/>
</testsuite> <!-- test.SinglePhotoTests -->
