<?xml version="1.0" encoding="UTF-8"?>
<!-- Generated by org.testng.reporters.JUnitReportReporter -->
<testsuite hostname="DESKTOP-TK2O5BT" failures="0" tests="8" name="test.CreateNewCollectionTests" time="127.964" errors="0" timestamp="2020-07-21T14:33:59 CEST" skipped="0">
  <testcase classname="test.CreateNewCollectionTests" name="tc07createCollectionDescription251" time="19.611"/>
  <system-out/>
  <testcase classname="test.CreateNewCollectionTests" name="tc06createCollectionName61" time="12.069"/>
  <system-out/>
  <testcase classname="test.CreateNewCollectionTests" name="tc05createCollectionNoName" time="8.787"/>
  <system-out/>
  <testcase classname="test.CreateNewCollectionTests" name="tc01createCollection" time="24.882"/>
  <system-out/>
  <testcase classname="test.CreateNewCollectionTests" name="tc03createCollectionDescription" time="0.499"/>
  <system-out/>
  <testcase classname="test.CreateNewCollectionTests" name="tc02createCollectionPrivacySymbol" time="20.302"/>
  <system-out/>
  <testcase classname="test.CreateNewCollectionTests" name="tc08CancelButton" time="6.373"/>
  <system-out/>
  <testcase classname="test.CreateNewCollectionTests" name="tc04createCollectionNoPrivacySymbol" time="35.441"/>
  <system-out/>
</testsuite> <!-- test.CreateNewCollectionTests -->
