<?xml version="1.0" encoding="UTF-8"?>
<!-- Generated by org.testng.reporters.JUnitReportReporter -->
<testsuite hostname="DESKTOP-TK2O5BT" failures="0" tests="8" name="test.OtherProfileTests" time="44.708" errors="0" timestamp="2020-07-29T10:28:24 CEST" skipped="0">
  <testcase classname="test.OtherProfileTests" name="tc07followButton" time="21.377"/>
  <system-out/>
  <testcase classname="test.OtherProfileTests" name="tc08messageButton" time="0.549"/>
  <system-out/>
  <testcase classname="test.OtherProfileTests" name="tc05followLinkLogout" time="2.666"/>
  <system-out/>
  <testcase classname="test.OtherProfileTests" name="tc05followLinkLogout" time="2.580"/>
  <system-out/>
  <testcase classname="test.OtherProfileTests" name="tc08messageButton" time="1.406"/>
  <system-out/>
  <testcase classname="test.OtherProfileTests" name="tc07followButton" time="14.746"/>
  <system-out/>
  <testcase classname="test.OtherProfileTests" name="tc06messageLogout" time="0.648"/>
  <system-out/>
  <testcase classname="test.OtherProfileTests" name="tc06messageLogout" time="0.736"/>
  <system-out/>
</testsuite> <!-- test.OtherProfileTests -->
