<?xml version="1.0" encoding="UTF-8"?>
<!-- Generated by org.testng.reporters.JUnitReportReporter -->
<testsuite hostname="DESKTOP-TK2O5BT" failures="0" tests="8" name="test.OtherProfileTests" time="18.782" errors="0" timestamp="2020-07-20T18:45:09 CEST" skipped="0">
  <testcase classname="test.OtherProfileTests" name="tc04collections" time="0.059"/>
  <system-out/>
  <testcase classname="test.OtherProfileTests" name="tc07followButton" time="13.756"/>
  <system-out/>
  <testcase classname="test.OtherProfileTests" name="tc08messageButton" time="1.263"/>
  <system-out/>
  <testcase classname="test.OtherProfileTests" name="tc03likes" time="0.100"/>
  <system-out/>
  <testcase classname="test.OtherProfileTests" name="tc01userPhoto" time="2.016"/>
  <system-out/>
  <testcase classname="test.OtherProfileTests" name="tc02photos" time="0.188"/>
  <system-out/>
  <testcase classname="test.OtherProfileTests" name="tc05followLinkLogout" time="0.671"/>
  <system-out/>
  <testcase classname="test.OtherProfileTests" name="tc06messageLogout" time="0.729"/>
  <system-out/>
</testsuite> <!-- test.OtherProfileTests -->
