<?xml version="1.0" encoding="UTF-8"?>
<!-- Generated by org.testng.reporters.JUnitReportReporter -->
<testsuite hostname="DESKTOP-TK2O5BT" failures="0" tests="2" name="test.CreateNewCollectionTests" time="49.471" errors="0" timestamp="2020-07-29T10:28:24 CEST" skipped="0">
  <testcase classname="test.CreateNewCollectionTests" name="tc01createCollection" time="23.749"/>
  <system-out/>
  <testcase classname="test.CreateNewCollectionTests" name="tc01createCollection" time="25.722"/>
  <system-out/>
</testsuite> <!-- test.CreateNewCollectionTests -->
