<?xml version="1.0" encoding="UTF-8"?>
<!-- Generated by org.testng.reporters.JUnitReportReporter -->
<testsuite hostname="DESKTOP-TK2O5BT" failures="0" tests="8" name="test.OtherProfileTests" time="14.780" errors="0" timestamp="2020-06-07T12:23:16 CEST" skipped="0">
  <testcase classname="test.OtherProfileTests" name="tc03likes" time="0.065"/>
  <system-out/>
  <testcase classname="test.OtherProfileTests" name="tc02photos" time="0.514"/>
  <system-out/>
  <testcase classname="test.OtherProfileTests" name="tc04collections" time="0.067"/>
  <system-out/>
  <testcase classname="test.OtherProfileTests" name="tc01userPhoto" time="2.666"/>
  <system-out/>
  <testcase classname="test.OtherProfileTests" name="tc06messageLogout" time="0.623"/>
  <system-out/>
  <testcase classname="test.OtherProfileTests" name="tc07followButton" time="9.650"/>
  <system-out/>
  <testcase classname="test.OtherProfileTests" name="tc05followLinkLogout" time="0.793"/>
  <system-out/>
  <testcase classname="test.OtherProfileTests" name="tc08messageButton" time="0.402"/>
  <system-out/>
</testsuite> <!-- test.OtherProfileTests -->
