<?xml version="1.0" encoding="UTF-8"?>
<!-- Generated by org.testng.reporters.JUnitReportReporter -->
<testsuite hostname="DESKTOP-TK2O5BT" failures="0" tests="8" name="test.SinglePhotoTests" time="44.834" errors="0" timestamp="2020-07-29T10:28:24 CEST" skipped="2">
  <testcase classname="test.SinglePhotoTests" name="tc02LikeButton" time="0.531"/>
  <system-out/>
  <testcase classname="test.SinglePhotoTests" name="tc03addToCollectionButton" time="3.455"/>
  <system-out/>
  <testcase classname="test.SinglePhotoTests" name="tc03addToCollectionButton" time="3.360"/>
  <system-out/>
  <testcase classname="test.SinglePhotoTests" name="tc01downloadPhotoButton" time="17.693"/>
  <system-out/>
  <testcase classname="test.SinglePhotoTests" name="tc01downloadPhotoButton" time="19.243"/>
  <system-out/>
  <testcase classname="test.SinglePhotoTests" name="tc02LikeButton" time="0.552"/>
  <system-out/>
  <testcase classname="test.SinglePhotoTests" name="tc04shareButton">
    <skipped/>
  </testcase> <!-- tc04shareButton -->
  <system-out/>
  <testcase classname="test.SinglePhotoTests" name="tc04shareButton">
    <skipped/>
  </testcase> <!-- tc04shareButton -->
  <system-out/>
</testsuite> <!-- test.SinglePhotoTests -->
