<?xml version="1.0" encoding="UTF-8"?>
<!-- Generated by org.testng.reporters.JUnitReportReporter -->
<testsuite hostname="DESKTOP-TK2O5BT" failures="0" tests="1" name="test.loginTest1" time="13.556" errors="0" timestamp="2020-05-18T10:59:55 CEST" skipped="0">
  <testcase classname="test.loginTest1" name="loginApp" time="13.556"/>
  <system-out/>
</testsuite> <!-- test.loginTest1 -->
