<?xml version="1.0" encoding="UTF-8"?>
<!-- Generated by org.testng.reporters.JUnitReportReporter -->
<testsuite hostname="DESKTOP-TK2O5BT" failures="0" tests="2" name="test.SinglePhotoTests" time="10.873" errors="0" timestamp="2020-06-01T12:08:50 CEST" skipped="0">
  <testcase classname="test.SinglePhotoTests" name="tc02addToCollectionButton" time="0.657"/>
  <system-out/>
  <testcase classname="test.SinglePhotoTests" name="tc01LikeButton" time="10.216"/>
  <system-out/>
</testsuite> <!-- test.SinglePhotoTests -->
