<?xml version="1.0" encoding="UTF-8"?>
<!-- Generated by org.testng.reporters.JUnitReportReporter -->
<testsuite hostname="DESKTOP-TK2O5BT" failures="0" tests="7" name="test.MyProfileTests" time="15.044" errors="0" timestamp="2020-07-22T16:28:45 CEST" skipped="0">
  <testcase classname="test.MyProfileTests" name="tc06statsAllTime" time="0.750"/>
  <system-out/>
  <testcase classname="test.MyProfileTests" name="tc01profilePhoto" time="10.407"/>
  <system-out/>
  <testcase classname="test.MyProfileTests" name="tc05collections" time="0.243"/>
  <system-out/>
  <testcase classname="test.MyProfileTests" name="tc07stats30Days" time="0.262"/>
  <system-out/>
  <testcase classname="test.MyProfileTests" name="tc04likes" time="0.310"/>
  <system-out/>
  <testcase classname="test.MyProfileTests" name="tc02editProfileButton" time="2.968"/>
  <system-out/>
  <testcase classname="test.MyProfileTests" name="tc03photos" time="0.104"/>
  <system-out/>
</testsuite> <!-- test.MyProfileTests -->
