<?xml version="1.0" encoding="UTF-8"?>
<!-- Generated by org.testng.reporters.JUnitReportReporter -->
<testsuite hostname="DESKTOP-TK2O5BT" failures="0" tests="15" name="test.HomePageTests" time="30.214" errors="0" timestamp="2020-07-21T18:13:09 CEST" skipped="0">
  <testcase classname="test.HomePageTests" name="tc04logoutExploreLink" time="2.320"/>
  <system-out/>
  <testcase classname="test.HomePageTests" name="tc10downFilter" time="1.732"/>
  <system-out/>
  <testcase classname="test.HomePageTests" name="tc11downFilterNoKeys" time="1.834"/>
  <system-out/>
  <testcase classname="test.HomePageTests" name="tc13loginProfileIcon" time="0.242"/>
  <system-out/>
  <testcase classname="test.HomePageTests" name="tc02logoutJoinFreeLink" time="3.435"/>
  <system-out/>
  <testcase classname="test.HomePageTests" name="tc08upFilter" time="1.704"/>
  <system-out/>
  <testcase classname="test.HomePageTests" name="tc03logoutTopicsLink" time="2.162"/>
  <system-out/>
  <testcase classname="test.HomePageTests" name="tc14loginNotifications" time="0.244"/>
  <system-out/>
  <testcase classname="test.HomePageTests" name="tc15logoutLicenseLink" time="0.539"/>
  <system-out/>
  <testcase classname="test.HomePageTests" name="tc01logoutLoginLink" time="0.282"/>
  <system-out/>
  <testcase classname="test.HomePageTests" name="tc05logoutDropDownMenu" time="2.258"/>
  <system-out/>
  <testcase classname="test.HomePageTests" name="tc06logoutSubmitAphotoButton" time="2.203"/>
  <system-out/>
  <testcase classname="test.HomePageTests" name="tc12loginFollowingLink" time="9.190"/>
  <system-out/>
  <testcase classname="test.HomePageTests" name="tc09upFilterNoKeys" time="1.964"/>
  <system-out/>
  <testcase classname="test.HomePageTests" name="tc07logoutEditorialLink" time="0.105"/>
  <system-out/>
</testsuite> <!-- test.HomePageTests -->
