<?xml version="1.0" encoding="UTF-8"?>
<!-- Generated by org.testng.reporters.JUnitReportReporter -->
<testsuite hostname="DESKTOP-TK2O5BT" failures="0" tests="2" name="test.LoginTests" time="30.523" errors="0" timestamp="2020-07-29T10:28:24 CEST" skipped="0">
  <testcase classname="test.LoginTests" name="tc01loginApp" time="17.388"/>
  <system-out/>
  <testcase classname="test.LoginTests" name="tc01loginApp" time="13.135"/>
  <system-out/>
</testsuite> <!-- test.LoginTests -->
