<?xml version="1.0" encoding="UTF-8"?>
<!-- Generated by org.testng.reporters.JUnitReportReporter -->
<testsuite hostname="DESKTOP-TK2O5BT" failures="0" tests="6" name="test.SinglePhotoTests" time="22.173" errors="0" timestamp="2020-07-20T18:31:31 CEST" skipped="0">
  <testcase classname="test.SinglePhotoTests" name="tc01downloadPhotoButton" time="16.108"/>
  <system-out/>
  <testcase classname="test.SinglePhotoTests" name="tc04shareButton" time="0.790"/>
  <system-out/>
  <testcase classname="test.SinglePhotoTests" name="tc02LikeButton" time="2.502"/>
  <system-out/>
  <testcase classname="test.SinglePhotoTests" name="tc06photoTitleAndFollowLink" time="1.089"/>
  <system-out/>
  <testcase classname="test.SinglePhotoTests" name="tc05infoButton" time="0.706"/>
  <system-out/>
  <testcase classname="test.SinglePhotoTests" name="tc03addToCollectionButton" time="0.978"/>
  <system-out/>
</testsuite> <!-- test.SinglePhotoTests -->
